<form method="POST" action="{{!}}">
<table>
    
    <tr>
        <td>Dish Name:</td>
        <td><input name="dish_name" type="text" /></td>
    </tr>

    <tr>
        <td>Minimum Price:</td>
        <td><input name="min_price" type="text" value="5.00" /></td>
    </tr>

    <tr>
        <td>Maximum Price:</td>
        <td><input name="max_price" type="text" value="25.00" /></td>
    </tr>

    <tr>
        <td>Spicy:</td>
        <td><select name="is_spicy"><option  value="0">no</option><option  value="1">yes</option><option  value="2">either</option></select>        </td>
    </tr>

    <tr>
        <td colspan="2" align="center">
            <input name="search" value="Search" type="submit" /></td>
    </tr>
</table>
</form>
