<form method="POST" action="{{d}}forms-4a.php">
<table>
    
    <tr><th>From:</th><td></td></tr>
    <tr><td>Name:</td><td><input name="from_name" type="text" /></td></tr>
    <tr><td>Address 1:</td><td><input name="from_address1" type="text" /></td></tr>
    <tr><td>Address 2:</td><td><input name="from_address2" type="text" /></td></tr>
    <tr><td>City:</td><td><input name="from_city" type="text" /></td></tr>
    <tr><td>State:</td><td><select name="from_state"><option  value="0">AL</option><option  value="1">AK</option><option  value="2">AZ</option><option  value="3">AR</option><option  value="4">CA</option><option  value="5">CO</option><option  value="6">CT</option><option  value="7">DC</option><option  value="8">DE</option><option  value="9">FL</option><option  value="10">GA</option><option  value="11">HI</option><option  value="12">ID</option><option  value="13">IL</option><option  value="14">IN</option><option  value="15">IA</option><option  value="16">KS</option><option  value="17">KY</option><option  value="18">LA</option><option  value="19">ME</option><option  value="20">MD</option><option  value="21">MA</option><option  value="22">MI</option><option  value="23">MN</option><option  value="24">MS</option><option  value="25">MO</option><option  value="26">MT</option><option  value="27">NE</option><option  value="28">NV</option><option  value="29">NH</option><option  value="30">NJ</option><option  value="31">NM</option><option  value="32">NY</option><option  value="33">NC</option><option  value="34">ND</option><option  value="35">OH</option><option  value="36">OK</option><option  value="37">OR</option><option  value="38">PA</option><option  value="39">RI</option><option  value="40">SC</option><option  value="41">SD</option><option  value="42">TN</option><option  value="43">TX</option><option  value="44">UT</option><option  value="45">VT</option><option  value="46">VA</option><option  value="47">WA</option><option  value="48">WV</option><option  value="49">WI</option><option  value="50">WY</option></select></td></tr>
    <tr><td>ZIP:</td><td><input name="from_zip" size="5" type="text" /></td></tr>

    <tr><th>To:</th><td></td></tr>
    <tr><td>Name:</td><td><input name="to_name" type="text" /></td></tr>
    <tr><td>Address 1:</td><td><input name="to_address1" type="text" /></td></tr>
    <tr><td>Address 2:</td><td><input name="to_address2" type="text" /></td></tr>
    <tr><td>City:</td><td><input name="to_city" type="text" /></td></tr>
    <tr><td>State:</td><td><select name="to_state"><option  value="0">AL</option><option  value="1">AK</option><option  value="2">AZ</option><option  value="3">AR</option><option  value="4">CA</option><option  value="5">CO</option><option  value="6">CT</option><option  value="7">DC</option><option  value="8">DE</option><option  value="9">FL</option><option  value="10">GA</option><option  value="11">HI</option><option  value="12">ID</option><option  value="13">IL</option><option  value="14">IN</option><option  value="15">IA</option><option  value="16">KS</option><option  value="17">KY</option><option  value="18">LA</option><option  value="19">ME</option><option  value="20">MD</option><option  value="21">MA</option><option  value="22">MI</option><option  value="23">MN</option><option  value="24">MS</option><option  value="25">MO</option><option  value="26">MT</option><option  value="27">NE</option><option  value="28">NV</option><option  value="29">NH</option><option  value="30">NJ</option><option  value="31">NM</option><option  value="32">NY</option><option  value="33">NC</option><option  value="34">ND</option><option  value="35">OH</option><option  value="36">OK</option><option  value="37">OR</option><option  value="38">PA</option><option  value="39">RI</option><option  value="40">SC</option><option  value="41">SD</option><option  value="42">TN</option><option  value="43">TX</option><option  value="44">UT</option><option  value="45">VT</option><option  value="46">VA</option><option  value="47">WA</option><option  value="48">WV</option><option  value="49">WI</option><option  value="50">WY</option></select></td></tr>
    <tr><td>ZIP:</td><td><input name="to_zip" size="5" type="text" /></td></tr>

    <tr><th>Package:</th><td></td></tr>
    <tr><td>Weight:</td><td><input name="weight" type="text" /></td></tr>
    <tr><td>Height:</td><td><input name="height" type="text" /></td></tr>
    <tr><td>Width:</td><td><input name="width" type="text" /></td></tr>
    <tr><td>Depth:</td><td><input name="depth" type="text" /></td></tr>

    <tr><td colspan="2" align="center"><input value="Ship!" type="submit" />    </td></tr>

</table>
</form>
